c:\users\nqt01\desktop\chatapp-master\chatapp-master\client\x64\debug\client.pch
c:\users\nqt01\desktop\chatapp-master\chatapp-master\client\x64\debug\vc142.pdb
c:\users\nqt01\desktop\chatapp-master\chatapp-master\client\x64\debug\vc142.idb
c:\users\nqt01\desktop\chatapp-master\chatapp-master\client\x64\debug\stdafx.obj
c:\users\nqt01\desktop\chatapp-master\chatapp-master\client\x64\debug\main.obj
c:\users\nqt01\desktop\chatapp-master\chatapp-master\client\x64\debug\groupchat.obj
c:\users\nqt01\desktop\chatapp-master\chatapp-master\client\x64\debug\clsocket.obj
c:\users\nqt01\desktop\chatapp-master\chatapp-master\client\x64\debug\client.obj
c:\users\nqt01\desktop\chatapp-master\chatapp-master\client\x64\debug\chatdialog.obj
c:\users\nqt01\desktop\chatapp-master\chatapp-master\client\x64\debug\windows.obj
c:\users\nqt01\desktop\chatapp-master\chatapp-master\client\x64\debug\systemui.obj
c:\users\nqt01\desktop\chatapp-master\chatapp-master\client\x64\debug\socket.obj
c:\users\nqt01\desktop\chatapp-master\chatapp-master\client\x64\debug\shader.obj
c:\users\nqt01\desktop\chatapp-master\chatapp-master\client\x64\debug\openglrenderer.obj
c:\users\nqt01\desktop\chatapp-master\chatapp-master\client\x64\debug\imgui_draw.obj
c:\users\nqt01\desktop\chatapp-master\chatapp-master\client\x64\debug\imgui_demo.obj
c:\users\nqt01\desktop\chatapp-master\chatapp-master\client\x64\debug\imgui.obj
c:\users\nqt01\desktop\chatapp-master\chatapp-master\client\x64\debug\imguimesh.obj
c:\users\nqt01\desktop\chatapp-master\chatapp-master\client\x64\debug\buffer.obj
c:\users\nqt01\desktop\chatapp-master\chatapp-master\client\x64\debug\application.obj
c:\users\nqt01\desktop\chatapp-master\chatapp-master\client\x64\debug\client.tlog\cl.command.1.tlog
c:\users\nqt01\desktop\chatapp-master\chatapp-master\client\x64\debug\client.tlog\cl.read.1.tlog
c:\users\nqt01\desktop\chatapp-master\chatapp-master\client\x64\debug\client.tlog\cl.write.1.tlog
