c:\users\nqt01\desktop\chatapp-master\chatapp-master\server\x64\debug\server.pch
c:\users\nqt01\desktop\chatapp-master\chatapp-master\server\x64\debug\vc142.pdb
c:\users\nqt01\desktop\chatapp-master\chatapp-master\server\x64\debug\vc142.idb
c:\users\nqt01\desktop\chatapp-master\chatapp-master\server\x64\debug\stdafx.obj
c:\users\nqt01\desktop\chatapp-master\chatapp-master\server\x64\debug\svsocket.obj
c:\users\nqt01\desktop\chatapp-master\chatapp-master\server\x64\debug\server.obj
c:\users\nqt01\desktop\chatapp-master\chatapp-master\server\x64\debug\main.obj
c:\users\nqt01\desktop\chatapp-master\chatapp-master\server\x64\debug\groupchatsv.obj
c:\users\nqt01\desktop\chatapp-master\chatapp-master\server\x64\debug\client.obj
c:\users\nqt01\desktop\chatapp-master\chatapp-master\server\x64\debug\windows.obj
c:\users\nqt01\desktop\chatapp-master\chatapp-master\server\x64\debug\systemui.obj
c:\users\nqt01\desktop\chatapp-master\chatapp-master\server\x64\debug\socket.obj
c:\users\nqt01\desktop\chatapp-master\chatapp-master\server\x64\debug\shader.obj
c:\users\nqt01\desktop\chatapp-master\chatapp-master\server\x64\debug\openglrenderer.obj
c:\users\nqt01\desktop\chatapp-master\chatapp-master\server\x64\debug\imgui_draw.obj
c:\users\nqt01\desktop\chatapp-master\chatapp-master\server\x64\debug\imgui_demo.obj
c:\users\nqt01\desktop\chatapp-master\chatapp-master\server\x64\debug\imgui.obj
c:\users\nqt01\desktop\chatapp-master\chatapp-master\server\x64\debug\imguimesh.obj
c:\users\nqt01\desktop\chatapp-master\chatapp-master\server\x64\debug\buffer.obj
c:\users\nqt01\desktop\chatapp-master\chatapp-master\server\x64\debug\application.obj
c:\users\nqt01\desktop\chatapp-master\chatapp-master\server\x64\debug\server.tlog\cl.command.1.tlog
c:\users\nqt01\desktop\chatapp-master\chatapp-master\server\x64\debug\server.tlog\cl.read.1.tlog
c:\users\nqt01\desktop\chatapp-master\chatapp-master\server\x64\debug\server.tlog\cl.write.1.tlog
