c:\users\nqt01\desktop\chatapp-master\chatapp-master\client\debug\client.pch
c:\users\nqt01\desktop\chatapp-master\chatapp-master\client\debug\vc142.pdb
c:\users\nqt01\desktop\chatapp-master\chatapp-master\client\debug\vc142.idb
c:\users\nqt01\desktop\chatapp-master\chatapp-master\client\debug\stdafx.obj
c:\users\nqt01\desktop\chatapp-master\chatapp-master\client\debug\main.obj
c:\users\nqt01\desktop\chatapp-master\chatapp-master\client\debug\groupchat.obj
c:\users\nqt01\desktop\chatapp-master\chatapp-master\client\debug\clsocket.obj
c:\users\nqt01\desktop\chatapp-master\chatapp-master\client\debug\clientapp.obj
c:\users\nqt01\desktop\chatapp-master\chatapp-master\client\debug\client.obj
c:\users\nqt01\desktop\chatapp-master\chatapp-master\client\debug\chatdialog.obj
c:\users\nqt01\desktop\chatapp-master\chatapp-master\client\debug\windows.obj
c:\users\nqt01\desktop\chatapp-master\chatapp-master\client\debug\systemui.obj
c:\users\nqt01\desktop\chatapp-master\chatapp-master\client\debug\socket.obj
c:\users\nqt01\desktop\chatapp-master\chatapp-master\client\debug\shader.obj
c:\users\nqt01\desktop\chatapp-master\chatapp-master\client\debug\openglrenderer.obj
c:\users\nqt01\desktop\chatapp-master\chatapp-master\client\debug\imgui_draw.obj
c:\users\nqt01\desktop\chatapp-master\chatapp-master\client\debug\imgui_demo.obj
c:\users\nqt01\desktop\chatapp-master\chatapp-master\client\debug\imgui.obj
c:\users\nqt01\desktop\chatapp-master\chatapp-master\client\debug\imguimesh.obj
c:\users\nqt01\desktop\chatapp-master\chatapp-master\client\debug\buffer.obj
c:\users\nqt01\desktop\chatapp-master\chatapp-master\client\debug\application.obj
c:\users\nqt01\desktop\chatapp-master\chatapp-master\client\debug\client.ilk
c:\users\nqt01\desktop\chatapp-master\chatapp-master\debug\client.exe
c:\users\nqt01\desktop\chatapp-master\chatapp-master\debug\client.pdb
c:\users\nqt01\desktop\chatapp-master\chatapp-master\client\debug\client.tlog\cl.command.1.tlog
c:\users\nqt01\desktop\chatapp-master\chatapp-master\client\debug\client.tlog\cl.read.1.tlog
c:\users\nqt01\desktop\chatapp-master\chatapp-master\client\debug\client.tlog\cl.write.1.tlog
c:\users\nqt01\desktop\chatapp-master\chatapp-master\client\debug\client.tlog\link.command.1.tlog
c:\users\nqt01\desktop\chatapp-master\chatapp-master\client\debug\client.tlog\link.read.1.tlog
c:\users\nqt01\desktop\chatapp-master\chatapp-master\client\debug\client.tlog\link.write.1.tlog
