c:\users\nqt01\desktop\chatapp-master\chatapp-master\server\debug\server.pch
c:\users\nqt01\desktop\chatapp-master\chatapp-master\server\debug\vc142.pdb
c:\users\nqt01\desktop\chatapp-master\chatapp-master\server\debug\vc142.idb
c:\users\nqt01\desktop\chatapp-master\chatapp-master\server\debug\stdafx.obj
c:\users\nqt01\desktop\chatapp-master\chatapp-master\server\debug\svsocket.obj
c:\users\nqt01\desktop\chatapp-master\chatapp-master\server\debug\serverapp.obj
c:\users\nqt01\desktop\chatapp-master\chatapp-master\server\debug\server.obj
c:\users\nqt01\desktop\chatapp-master\chatapp-master\server\debug\main.obj
c:\users\nqt01\desktop\chatapp-master\chatapp-master\server\debug\groupchatsv.obj
c:\users\nqt01\desktop\chatapp-master\chatapp-master\server\debug\client.obj
c:\users\nqt01\desktop\chatapp-master\chatapp-master\server\debug\windows.obj
c:\users\nqt01\desktop\chatapp-master\chatapp-master\server\debug\systemui.obj
c:\users\nqt01\desktop\chatapp-master\chatapp-master\server\debug\socket.obj
c:\users\nqt01\desktop\chatapp-master\chatapp-master\server\debug\shader.obj
c:\users\nqt01\desktop\chatapp-master\chatapp-master\server\debug\openglrenderer.obj
c:\users\nqt01\desktop\chatapp-master\chatapp-master\server\debug\imgui_draw.obj
c:\users\nqt01\desktop\chatapp-master\chatapp-master\server\debug\imgui_demo.obj
c:\users\nqt01\desktop\chatapp-master\chatapp-master\server\debug\imgui.obj
c:\users\nqt01\desktop\chatapp-master\chatapp-master\server\debug\imguimesh.obj
c:\users\nqt01\desktop\chatapp-master\chatapp-master\server\debug\buffer.obj
c:\users\nqt01\desktop\chatapp-master\chatapp-master\server\debug\application.obj
c:\users\nqt01\desktop\chatapp-master\chatapp-master\server\debug\server.ilk
c:\users\nqt01\desktop\chatapp-master\chatapp-master\debug\server.exe
c:\users\nqt01\desktop\chatapp-master\chatapp-master\debug\server.pdb
c:\users\nqt01\desktop\chatapp-master\chatapp-master\server\debug\server.tlog\cl.command.1.tlog
c:\users\nqt01\desktop\chatapp-master\chatapp-master\server\debug\server.tlog\cl.read.1.tlog
c:\users\nqt01\desktop\chatapp-master\chatapp-master\server\debug\server.tlog\cl.write.1.tlog
c:\users\nqt01\desktop\chatapp-master\chatapp-master\server\debug\server.tlog\link.command.1.tlog
c:\users\nqt01\desktop\chatapp-master\chatapp-master\server\debug\server.tlog\link.read.1.tlog
c:\users\nqt01\desktop\chatapp-master\chatapp-master\server\debug\server.tlog\link.write.1.tlog
